-- The CXX compiler identification is GNU 7.1.0
-- The C compiler identification is GNU 7.1.0
-- Check for working CXX compiler: /GPUFS/app_taishan/gcc/7.1.0/bin/c++
-- Check for working CXX compiler: /GPUFS/app_taishan/gcc/7.1.0/bin/c++ -- works
-- Detecting CXX compiler ABI info
-- Detecting CXX compiler ABI info - done
-- Detecting CXX compile features
-- Detecting CXX compile features - done
-- Check for working C compiler: /GPUFS/app_taishan/gcc/7.1.0/bin/gcc
-- Check for working C compiler: /GPUFS/app_taishan/gcc/7.1.0/bin/gcc -- works
-- Detecting C compiler ABI info
-- Detecting C compiler ABI info - done
-- Detecting C compile features
-- Detecting C compile features - done
-- Performing Test COMPILER_WORKS
-- Performing Test COMPILER_WORKS - Success
-- Performing Test SUPPORT_GLIBCXX_USE_C99
-- Performing Test SUPPORT_GLIBCXX_USE_C99 - Success
-- Performing Test CAFFE2_EXCEPTION_PTR_SUPPORTED
-- Performing Test CAFFE2_EXCEPTION_PTR_SUPPORTED - Success
-- std::exception_ptr is supported.
-- Performing Test CAFFE2_IS_NUMA_AVAILABLE
-- Performing Test CAFFE2_IS_NUMA_AVAILABLE - Success
-- NUMA is available
-- Performing Test CAFFE2_NEED_TO_TURN_OFF_DEPRECATION_WARNING
-- Performing Test CAFFE2_NEED_TO_TURN_OFF_DEPRECATION_WARNING - Failed
-- Turning off deprecation warning due to glog.
-- Performing Test CAFFE2_COMPILER_SUPPORTS_AVX2_EXTENSIONS
-- Performing Test CAFFE2_COMPILER_SUPPORTS_AVX2_EXTENSIONS - Failed
-- Performing Test CAFFE2_COMPILER_SUPPORTS_AVX512_EXTENSIONS
-- Performing Test CAFFE2_COMPILER_SUPPORTS_AVX512_EXTENSIONS - Failed
-- Performing Test COMPILER_SUPPORTS_HIDDEN_VISIBILITY
-- Performing Test COMPILER_SUPPORTS_HIDDEN_VISIBILITY - Success
-- Performing Test COMPILER_SUPPORTS_HIDDEN_INLINE_VISIBILITY
-- Performing Test COMPILER_SUPPORTS_HIDDEN_INLINE_VISIBILITY - Success
-- Performing Test COMPILER_SUPPORTS_RDYNAMIC
-- Performing Test COMPILER_SUPPORTS_RDYNAMIC - Success
-- Building using own protobuf under third_party per request.
-- Use custom protobuf build.
-- Looking for pthread.h
-- Looking for pthread.h - found
-- Performing Test CMAKE_HAVE_LIBC_PTHREAD
-- Performing Test CMAKE_HAVE_LIBC_PTHREAD - Failed
-- Looking for pthread_create in pthreads
-- Looking for pthread_create in pthreads - not found
-- Looking for pthread_create in pthread
-- Looking for pthread_create in pthread - found
-- Found Threads: TRUE  
-- Caffe2 protobuf include directory: $<BUILD_INTERFACE:/GPUFS/nsccgz_xliao_lds/pytorch/third_party/protobuf/src>$<INSTALL_INTERFACE:include>
-- Trying to find preferred BLAS backend of choice: OpenBLAS
-- Found OpenBLAS libraries: /opt/openblas/lib/libopenblas.so
-- Found OpenBLAS include: /opt/openblas/include
-- The ASM compiler identification is GNU
-- Found assembler: /GPUFS/app_taishan/gcc/7.1.0/bin/gcc
-- Check if compiler accepts -pthread
-- Check if compiler accepts -pthread - yes
-- Brace yourself, we are building NNPACK
-- NNPACK backend is neon
-- Found PythonInterp: /GPUFS/nsccgz_xliao_lds/local/python3.7/bin/python3 (found version "3.7.6") 
-- Found Git: /usr/bin/git (found version "1.8.3.1") 
-- git Version: v1.4.0-505be96a
-- Version: 1.4.0
-- Performing Test HAVE_CXX_FLAG_STD_CXX11
-- Performing Test HAVE_CXX_FLAG_STD_CXX11 - Success
-- Performing Test HAVE_CXX_FLAG_WALL
-- Performing Test HAVE_CXX_FLAG_WALL - Success
-- Performing Test HAVE_CXX_FLAG_WEXTRA
-- Performing Test HAVE_CXX_FLAG_WEXTRA - Success
-- Performing Test HAVE_CXX_FLAG_WSHADOW
-- Performing Test HAVE_CXX_FLAG_WSHADOW - Success
-- Performing Test HAVE_CXX_FLAG_WERROR
-- Performing Test HAVE_CXX_FLAG_WERROR - Success
-- Performing Test HAVE_CXX_FLAG_PEDANTIC
-- Performing Test HAVE_CXX_FLAG_PEDANTIC - Success
-- Performing Test HAVE_CXX_FLAG_PEDANTIC_ERRORS
-- Performing Test HAVE_CXX_FLAG_PEDANTIC_ERRORS - Success
-- Performing Test HAVE_CXX_FLAG_WSHORTEN_64_TO_32
-- Performing Test HAVE_CXX_FLAG_WSHORTEN_64_TO_32 - Failed
-- Performing Test HAVE_CXX_FLAG_WFLOAT_EQUAL
-- Performing Test HAVE_CXX_FLAG_WFLOAT_EQUAL - Success
-- Performing Test HAVE_CXX_FLAG_FSTRICT_ALIASING
-- Performing Test HAVE_CXX_FLAG_FSTRICT_ALIASING - Success
-- Performing Test HAVE_CXX_FLAG_WNO_DEPRECATED_DECLARATIONS
-- Performing Test HAVE_CXX_FLAG_WNO_DEPRECATED_DECLARATIONS - Success
-- Performing Test HAVE_CXX_FLAG_WSTRICT_ALIASING
-- Performing Test HAVE_CXX_FLAG_WSTRICT_ALIASING - Success
-- Performing Test HAVE_CXX_FLAG_WD654
-- Performing Test HAVE_CXX_FLAG_WD654 - Failed
-- Performing Test HAVE_CXX_FLAG_WTHREAD_SAFETY
-- Performing Test HAVE_CXX_FLAG_WTHREAD_SAFETY - Failed
-- Performing Test HAVE_CXX_FLAG_COVERAGE
-- Performing Test HAVE_CXX_FLAG_COVERAGE - Success
-- Performing Test HAVE_STD_REGEX
-- Performing Test HAVE_STD_REGEX
-- Performing Test HAVE_STD_REGEX -- success
-- Performing Test HAVE_GNU_POSIX_REGEX
-- Performing Test HAVE_GNU_POSIX_REGEX
-- Performing Test HAVE_GNU_POSIX_REGEX -- failed to compile
-- Performing Test HAVE_POSIX_REGEX
-- Performing Test HAVE_POSIX_REGEX
-- Performing Test HAVE_POSIX_REGEX -- success
-- Performing Test HAVE_STEADY_CLOCK
-- Performing Test HAVE_STEADY_CLOCK
-- Performing Test HAVE_STEADY_CLOCK -- success
CMake Warning at cmake/Dependencies.cmake:520 (message):
  A compiler with AVX512 support is required for FBGEMM.  Not compiling with
  FBGEMM.  Turn this warning off by USE_FBGEMM=OFF.
Call Stack (most recent call first):
  CMakeLists.txt:380 (include)


-- Found Numa: /usr/include  
-- Found Numa  (include: /usr/include, library: /usr/lib64/libnuma.so)
-- Using third party subdirectory Eigen.
Python 3.7.6
-- Found PythonInterp: /GPUFS/nsccgz_xliao_lds/local/python3.7/bin/python3 (found suitable version "3.7.6", minimum required is "2.7") 
-- Found PythonLibs: /GPUFS/nsccgz_xliao_lds/local/python3.7/lib/libpython3.7m.so.1.0 (found suitable version "3.7.6", minimum required is "2.7") 
-- Could NOT find pybind11 (missing: pybind11_DIR)
-- Could NOT find pybind11 (missing: pybind11_INCLUDE_DIR) 
-- Using third_party/pybind11.
-- pybind11 include dirs: /GPUFS/nsccgz_xliao_lds/pytorch/cmake/../third_party/pybind11/include
-- Found MPI_C: /GPUFS/app_taishan/MPI/openmpi/4.0.0-gcc71/lib/libmpi.so (found version "3.1") 
-- Found MPI_CXX: /GPUFS/app_taishan/MPI/openmpi/4.0.0-gcc71/lib/libmpi.so (found version "3.1") 
-- Found MPI: TRUE (found version "3.1")  
-- MPI support found
-- MPI compile flags: -pthread
-- MPI include path: /GPUFS/app_taishan/MPI/openmpi/4.0.0-gcc71/include
-- MPI LINK flags path: -Wl,-rpath -Wl,/GPUFS/app_taishan/MPI/openmpi/4.0.0-gcc71/lib -Wl,--enable-new-dtags -pthread
-- MPI libraries: /GPUFS/app_taishan/MPI/openmpi/4.0.0-gcc71/lib/libmpi.so
CMake Warning at cmake/Dependencies.cmake:833 (message):
  OpenMPI found, but it is not built with CUDA support.
Call Stack (most recent call first):
  CMakeLists.txt:380 (include)


-- Adding OpenMP CXX_FLAGS: -fopenmp
-- Will link against OpenMP libraries: /GPUFS/app_taishan/gcc/7.1.0/lib64/libgomp.so;/lib64/libpthread.so
CMake Warning at cmake/Dependencies.cmake:1012 (message):
  Not using CUDA/ROCM, so disabling USE_NCCL.  Suppress this warning with
  -DUSE_NCCL=OFF.
Call Stack (most recent call first):
  CMakeLists.txt:380 (include)


CMake Warning (dev) at third_party/gloo/CMakeLists.txt:21 (option):
  Policy CMP0077 is not set: option() honors normal variables.  Run "cmake
  --help-policy CMP0077" for policy details.  Use the cmake_policy command to
  set the policy and suppress this warning.

  For compatibility with older versions of CMake, option is clearing the
  normal variable 'BUILD_BENCHMARK'.
This warning is for project developers.  Use -Wno-dev to suppress it.

-- MPI include path: /GPUFS/app_taishan/MPI/openmpi/4.0.0-gcc71/include
-- MPI libraries: /GPUFS/app_taishan/MPI/openmpi/4.0.0-gcc71/lib/libmpi.so
CMake Warning at cmake/Dependencies.cmake:1105 (message):
  Metal is only used in ios builds.
Call Stack (most recent call first):
  CMakeLists.txt:380 (include)


Generated: /GPUFS/nsccgz_xliao_lds/pytorch/build/third_party/onnx/onnx/onnx_onnx_torch-ml.proto
Generated: /GPUFS/nsccgz_xliao_lds/pytorch/build/third_party/onnx/onnx/onnx-operators_onnx_torch-ml.proto
-- 
-- ******** Summary ********
--   CMake version         : 3.16.5
--   CMake command         : /GPUFS/app_taishan/cmake/3.16.5-gcc-71/bin/cmake
--   System                : Linux
--   C++ compiler          : /GPUFS/app_taishan/gcc/7.1.0/bin/c++
--   C++ compiler version  : 7.1.0
--   CXX flags             :  -Wno-deprecated -fvisibility-inlines-hidden -fopenmp -Wnon-virtual-dtor
--   Build type            : Release
--   Compile definitions   : ONNX_ML=1
--   CMAKE_PREFIX_PATH     : /GPUFS/nsccgz_xliao_lds/local/python3.7/lib/python3.7/site-packages
--   CMAKE_INSTALL_PREFIX  : /GPUFS/nsccgz_xliao_lds/pytorch/torch
--   CMAKE_MODULE_PATH     : /GPUFS/nsccgz_xliao_lds/pytorch/cmake/Modules
-- 
--   ONNX version          : 1.6.0
--   ONNX NAMESPACE        : onnx_torch
--   ONNX_BUILD_TESTS      : OFF
--   ONNX_BUILD_BENCHMARKS : OFF
--   ONNX_USE_LITE_PROTO   : OFF
--   ONNXIFI_DUMMY_BACKEND : OFF
--   ONNXIFI_ENABLE_EXT    : OFF
-- 
--   Protobuf compiler     : 
--   Protobuf includes     : 
--   Protobuf libraries    : 
--   BUILD_ONNX_PYTHON     : OFF
-- 
-- ******** Summary ********
--   CMake version         : 3.16.5
--   CMake command         : /GPUFS/app_taishan/cmake/3.16.5-gcc-71/bin/cmake
--   System                : Linux
--   C++ compiler          : /GPUFS/app_taishan/gcc/7.1.0/bin/c++
--   C++ compiler version  : 7.1.0
--   CXX flags             :  -Wno-deprecated -fvisibility-inlines-hidden -fopenmp -Wnon-virtual-dtor
--   Build type            : Release
--   Compile definitions   : ONNX_ML=1
--   CMAKE_PREFIX_PATH     : /GPUFS/nsccgz_xliao_lds/local/python3.7/lib/python3.7/site-packages
--   CMAKE_INSTALL_PREFIX  : /GPUFS/nsccgz_xliao_lds/pytorch/torch
--   CMAKE_MODULE_PATH     : /GPUFS/nsccgz_xliao_lds/pytorch/cmake/Modules
-- 
--   ONNX version          : 1.4.1
--   ONNX NAMESPACE        : onnx_torch
--   ONNX_BUILD_TESTS      : OFF
--   ONNX_BUILD_BENCHMARKS : OFF
--   ONNX_USE_LITE_PROTO   : OFF
--   ONNXIFI_DUMMY_BACKEND : OFF
-- 
--   Protobuf compiler     : 
--   Protobuf includes     : 
--   Protobuf libraries    : 
--   BUILD_ONNX_PYTHON     : OFF
-- Could not find CUDA with FP16 support, compiling without torch.CudaHalfTensor
-- Removing -DNDEBUG from compile flags
-- MAGMA not found. Compiling without MAGMA support
-- Could not find hardware support for NEON on this machine.
-- No OMAP3 processor on this machine.
-- No OMAP4 processor on this machine.
-- asimd/Neon found with compiler flag : -D__NEON__
-- Looking for cpuid.h
-- Looking for cpuid.h - not found
-- Performing Test NO_GCC_EBX_FPIC_BUG
-- Performing Test NO_GCC_EBX_FPIC_BUG - Failed
-- Performing Test C_HAS_AVX_1
-- Performing Test C_HAS_AVX_1 - Failed
-- Performing Test C_HAS_AVX_2
-- Performing Test C_HAS_AVX_2 - Failed
-- Performing Test C_HAS_AVX_3
-- Performing Test C_HAS_AVX_3 - Failed
-- Performing Test C_HAS_AVX2_1
-- Performing Test C_HAS_AVX2_1 - Failed
-- Performing Test C_HAS_AVX2_2
-- Performing Test C_HAS_AVX2_2 - Failed
-- Performing Test C_HAS_AVX2_3
-- Performing Test C_HAS_AVX2_3 - Failed
-- Performing Test CXX_HAS_AVX_1
-- Performing Test CXX_HAS_AVX_1 - Failed
-- Performing Test CXX_HAS_AVX_2
-- Performing Test CXX_HAS_AVX_2 - Failed
-- Performing Test CXX_HAS_AVX_3
-- Performing Test CXX_HAS_AVX_3 - Failed
-- Performing Test CXX_HAS_AVX2_1
-- Performing Test CXX_HAS_AVX2_1 - Failed
-- Performing Test CXX_HAS_AVX2_2
-- Performing Test CXX_HAS_AVX2_2 - Failed
-- Performing Test CXX_HAS_AVX2_3
-- Performing Test CXX_HAS_AVX2_3 - Failed
-- MKL_THREADING = OMP
-- Looking for sys/types.h
-- Looking for sys/types.h - found
-- Looking for stdint.h
-- Looking for stdint.h - found
-- Looking for stddef.h
-- Looking for stddef.h - found
-- Check size of void*
-- Check size of void* - done
-- Checking for [mkl_intel_lp64 - mkl_gnu_thread - mkl_core - gomp - pthread - m - dl]
--   Library mkl_intel_lp64: not found
-- Checking for [mkl_intel_lp64 - mkl_intel_thread - mkl_core - gomp - pthread - m - dl]
--   Library mkl_intel_lp64: not found
-- Checking for [mkl_intel - mkl_gnu_thread - mkl_core - gomp - pthread - m - dl]
--   Library mkl_intel: not found
-- Checking for [mkl_intel - mkl_intel_thread - mkl_core - gomp - pthread - m - dl]
--   Library mkl_intel: not found
-- Checking for [mkl_gf_lp64 - mkl_gnu_thread - mkl_core - gomp - pthread - m - dl]
--   Library mkl_gf_lp64: not found
-- Checking for [mkl_gf_lp64 - mkl_intel_thread - mkl_core - gomp - pthread - m - dl]
--   Library mkl_gf_lp64: not found
-- Checking for [mkl_gf - mkl_gnu_thread - mkl_core - gomp - pthread - m - dl]
--   Library mkl_gf: not found
-- Checking for [mkl_gf - mkl_intel_thread - mkl_core - gomp - pthread - m - dl]
--   Library mkl_gf: not found
-- Checking for [mkl_intel_lp64 - mkl_gnu_thread - mkl_core - iomp5 - pthread - m - dl]
--   Library mkl_intel_lp64: not found
-- Checking for [mkl_intel_lp64 - mkl_intel_thread - mkl_core - iomp5 - pthread - m - dl]
--   Library mkl_intel_lp64: not found
-- Checking for [mkl_intel - mkl_gnu_thread - mkl_core - iomp5 - pthread - m - dl]
--   Library mkl_intel: not found
-- Checking for [mkl_intel - mkl_intel_thread - mkl_core - iomp5 - pthread - m - dl]
--   Library mkl_intel: not found
-- Checking for [mkl_gf_lp64 - mkl_gnu_thread - mkl_core - iomp5 - pthread - m - dl]
--   Library mkl_gf_lp64: not found
-- Checking for [mkl_gf_lp64 - mkl_intel_thread - mkl_core - iomp5 - pthread - m - dl]
--   Library mkl_gf_lp64: not found
-- Checking for [mkl_gf - mkl_gnu_thread - mkl_core - iomp5 - pthread - m - dl]
--   Library mkl_gf: not found
-- Checking for [mkl_gf - mkl_intel_thread - mkl_core - iomp5 - pthread - m - dl]
--   Library mkl_gf: not found
-- Checking for [mkl_intel_lp64 - mkl_gnu_thread - mkl_core - pthread - m - dl]
--   Library mkl_intel_lp64: not found
-- Checking for [mkl_intel_lp64 - mkl_intel_thread - mkl_core - pthread - m - dl]
--   Library mkl_intel_lp64: not found
-- Checking for [mkl_intel - mkl_gnu_thread - mkl_core - pthread - m - dl]
--   Library mkl_intel: not found
-- Checking for [mkl_intel - mkl_intel_thread - mkl_core - pthread - m - dl]
--   Library mkl_intel: not found
-- Checking for [mkl_gf_lp64 - mkl_gnu_thread - mkl_core - pthread - m - dl]
--   Library mkl_gf_lp64: not found
-- Checking for [mkl_gf_lp64 - mkl_intel_thread - mkl_core - pthread - m - dl]
--   Library mkl_gf_lp64: not found
-- Checking for [mkl_gf - mkl_gnu_thread - mkl_core - pthread - m - dl]
--   Library mkl_gf: not found
-- Checking for [mkl_gf - mkl_intel_thread - mkl_core - pthread - m - dl]
--   Library mkl_gf: not found
-- Checking for [mkl_intel_lp64 - mkl_sequential - mkl_core - m - dl]
--   Library mkl_intel_lp64: not found
-- Checking for [mkl_intel - mkl_sequential - mkl_core - m - dl]
--   Library mkl_intel: not found
-- Checking for [mkl_gf_lp64 - mkl_sequential - mkl_core - m - dl]
--   Library mkl_gf_lp64: not found
-- Checking for [mkl_gf - mkl_sequential - mkl_core - m - dl]
--   Library mkl_gf: not found
-- Checking for [mkl_intel_lp64 - mkl_core - gomp - pthread - m - dl]
--   Library mkl_intel_lp64: not found
-- Checking for [mkl_intel - mkl_core - gomp - pthread - m - dl]
--   Library mkl_intel: not found
-- Checking for [mkl_gf_lp64 - mkl_core - gomp - pthread - m - dl]
--   Library mkl_gf_lp64: not found
-- Checking for [mkl_gf - mkl_core - gomp - pthread - m - dl]
--   Library mkl_gf: not found
-- Checking for [mkl_intel_lp64 - mkl_core - iomp5 - pthread - m - dl]
--   Library mkl_intel_lp64: not found
-- Checking for [mkl_intel - mkl_core - iomp5 - pthread - m - dl]
--   Library mkl_intel: not found
-- Checking for [mkl_gf_lp64 - mkl_core - iomp5 - pthread - m - dl]
--   Library mkl_gf_lp64: not found
-- Checking for [mkl_gf - mkl_core - iomp5 - pthread - m - dl]
--   Library mkl_gf: not found
-- Checking for [mkl_intel_lp64 - mkl_core - pthread - m - dl]
--   Library mkl_intel_lp64: not found
-- Checking for [mkl_intel - mkl_core - pthread - m - dl]
--   Library mkl_intel: not found
-- Checking for [mkl_gf_lp64 - mkl_core - pthread - m - dl]
--   Library mkl_gf_lp64: not found
-- Checking for [mkl_gf - mkl_core - pthread - m - dl]
--   Library mkl_gf: not found
-- Checking for [mkl - guide - pthread - m]
--   Library mkl: not found
-- MKL library not found
-- Checking for [Accelerate]
--   Library Accelerate: BLAS_Accelerate_LIBRARY-NOTFOUND
-- Checking for [vecLib]
--   Library vecLib: BLAS_vecLib_LIBRARY-NOTFOUND
-- Checking for [openblas]
--   Library openblas: /opt/openblas/lib/libopenblas.so
-- Looking for sgemm_
-- Looking for sgemm_ - found
-- Performing Test BLAS_F2C_DOUBLE_WORKS
-- Performing Test BLAS_F2C_DOUBLE_WORKS - Failed
-- Performing Test BLAS_F2C_FLOAT_WORKS
-- Performing Test BLAS_F2C_FLOAT_WORKS - Success
-- Performing Test BLAS_USE_CBLAS_DOT
-- Performing Test BLAS_USE_CBLAS_DOT - Success
-- Found a library with BLAS API (open).
-- Looking for cheev_
-- Looking for cheev_ - found
-- Found a library with LAPACK API (open).
disabling CUDA because NOT USE_CUDA is set
-- USE_CUDNN is set to 0. Compiling without cuDNN support
disabling ROCM because NOT USE_ROCM is set
-- MIOpen not found. Compiling without MIOpen support
disabling MKLDNN because USE_MKLDNN is not set
-- Looking for clock_gettime in rt
-- Looking for clock_gettime in rt - found
-- Looking for mmap
-- Looking for mmap - found
-- Looking for shm_open
-- Looking for shm_open - found
-- Looking for shm_unlink
-- Looking for shm_unlink - found
-- Looking for malloc_usable_size
-- Looking for malloc_usable_size - found
-- Performing Test C_HAS_THREAD
-- Performing Test C_HAS_THREAD - Success
-- GCC 7.1.0: Adding gcc and gcc_s libs to link line
-- NUMA paths:
-- /usr/include
-- /usr/lib64/libnuma.so
disabling CUDA because USE_CUDA is set false
CMake Deprecation Warning at third_party/sleef/CMakeLists.txt:20 (cmake_policy):
  The OLD behavior for policy CMP0066 will be removed from a future version
  of CMake.

  The cmake-policies(7) manual explains that the OLD behaviors of all
  policies are deprecated and that a policy should be set to OLD only under
  specific short-term circumstances.  Projects should be ported to the NEW
  behavior and not rely on setting a policy to OLD.


-- Found OpenSSL: /usr/lib64/libcrypto.so (found version "1.0.2k")  
-- Check size of long double
-- Check size of long double - done
-- Performing Test COMPILER_SUPPORTS_LONG_DOUBLE
-- Performing Test COMPILER_SUPPORTS_LONG_DOUBLE - Success
-- Performing Test COMPILER_SUPPORTS_FLOAT128
-- Performing Test COMPILER_SUPPORTS_FLOAT128 - Failed
-- Performing Test COMPILER_SUPPORTS_SVE
-- Performing Test COMPILER_SUPPORTS_SVE - Failed
-- Found OpenMP_C: -fopenmp (found version "4.5") 
-- Found OpenMP_CXX: -fopenmp (found version "4.5") 
-- Found OpenMP: TRUE (found version "4.5")  
-- Performing Test COMPILER_SUPPORTS_OPENMP
-- Performing Test COMPILER_SUPPORTS_OPENMP - Success
-- Performing Test COMPILER_SUPPORTS_WEAK_ALIASES
-- Performing Test COMPILER_SUPPORTS_WEAK_ALIASES - Success
-- Performing Test COMPILER_SUPPORTS_BUILTIN_MATH
-- Performing Test COMPILER_SUPPORTS_BUILTIN_MATH - Success
-- Performing Test COMPILER_SUPPORTS_SYS_GETRANDOM
-- Performing Test COMPILER_SUPPORTS_SYS_GETRANDOM - Success
-- Configuring build for SLEEF-v3.4.0
   Target system: Linux-4.14.0-115.el7a.0.1.aarch64
   Target processor: aarch64
   Host system: Linux-4.14.0-115.el7a.0.1.aarch64
   Host processor: aarch64
   Detected C compiler: GNU @ /GPUFS/app_taishan/gcc/7.1.0/bin/gcc
-- Using option `-Wall -Wno-unused -Wno-attributes -Wno-unused-result -Wno-psabi -ffp-contract=off -fno-math-errno -fno-trapping-math` to compile libsleef
-- Building shared libs : OFF
-- MPFR : /usr/local/lib/libmpfr.so
-- MPFR header file in /usr/local/include
-- GMP : /usr/local/lib/libgmp.so
-- RT : /usr/lib64/librt.so
-- FFTW3 : LIBFFTW3-NOTFOUND
-- OPENSSL : 1.0.2k
-- SDE : SDE_COMMAND-NOTFOUND
-- RUNNING_ON_TRAVIS : 0
-- COMPILER_SUPPORTS_OPENMP : 1
AT_INSTALL_INCLUDE_DIR include/ATen/core
core header install: /GPUFS/nsccgz_xliao_lds/pytorch/build/aten/src/ATen/core/TensorBody.h
core header install: /GPUFS/nsccgz_xliao_lds/pytorch/build/aten/src/ATen/core/TensorMethods.h
-- NCCL operators skipped due to no CUDA support
-- Excluding ideep operators as we are not using ideep
-- Excluding image processing operators due to no opencv
-- Excluding video processing operators due to no opencv
-- Include Observer library
-- /GPUFS/app_taishan/gcc/7.1.0/bin/c++ /GPUFS/nsccgz_xliao_lds/pytorch/caffe2/../torch/abi-check.cpp -o /GPUFS/nsccgz_xliao_lds/pytorch/build/abi-check
-- Determined _GLIBCXX_USE_CXX11_ABI=1
-- Building c10d without CUDA/ROCm support
-- MPI_INCLUDE_PATH: /GPUFS/app_taishan/MPI/openmpi/4.0.0-gcc71/include
-- MPI_LIBRARIES: /GPUFS/app_taishan/MPI/openmpi/4.0.0-gcc71/lib/libmpi.so
-- MPIEXEC: /GPUFS/app_taishan/MPI/openmpi/4.0.0-gcc71/bin/mpiexec
-- pytorch is compiling with OpenMP. 
OpenMP CXX_FLAGS: -fopenmp. 
OpenMP libraries: /GPUFS/app_taishan/gcc/7.1.0/lib64/libgomp.so;/lib64/libpthread.so.
-- Caffe2 is compiling with OpenMP. 
OpenMP CXX_FLAGS: -fopenmp. 
OpenMP libraries: /GPUFS/app_taishan/gcc/7.1.0/lib64/libgomp.so;/lib64/libpthread.so.
-- Using ATen parallel backend: OMP
-- Using lib/python3.7/site-packages as python relative installation path
CMake Warning at CMakeLists.txt:583 (message):
  Generated cmake files are only fully tested if one builds with system glog,
  gflags, and protobuf.  Other settings may generate files that are not well
  tested.


-- 
-- ******** Summary ********
-- General:
--   CMake version         : 3.16.5
--   CMake command         : /GPUFS/app_taishan/cmake/3.16.5-gcc-71/bin/cmake
--   System                : Linux
--   C++ compiler          : /GPUFS/app_taishan/gcc/7.1.0/bin/c++
--   C++ compiler id       : GNU
--   C++ compiler version  : 7.1.0
--   BLAS                  : OpenBLAS
--   CXX flags             :  -Wno-deprecated -fvisibility-inlines-hidden -fopenmp -DUSE_QNNPACK -DUSE_PYTORCH_QNNPACK -O2 -fPIC -Wno-narrowing -Wall -Wextra -Wno-missing-field-initializers -Wno-type-limits -Wno-array-bounds -Wno-unknown-pragmas -Wno-sign-compare -Wno-unused-parameter -Wno-unused-variable -Wno-unused-function -Wno-unused-result -Wno-strict-overflow -Wno-strict-aliasing -Wno-error=deprecated-declarations -Wno-stringop-overflow -Wno-error=pedantic -Wno-error=redundant-decls -Wno-error=old-style-cast -fdiagnostics-color=always -faligned-new -Wno-unused-but-set-variable -Wno-maybe-uninitialized -fno-math-errno -fno-trapping-math -Wno-stringop-overflow
--   Build type            : Release
--   Compile definitions   : ONNX_ML=1;ONNX_NAMESPACE=onnx_torch;HAVE_MMAP=1;_FILE_OFFSET_BITS=64;HAVE_SHM_OPEN=1;HAVE_SHM_UNLINK=1;HAVE_MALLOC_USABLE_SIZE=1
--   CMAKE_PREFIX_PATH     : /GPUFS/nsccgz_xliao_lds/local/python3.7/lib/python3.7/site-packages
--   CMAKE_INSTALL_PREFIX  : /GPUFS/nsccgz_xliao_lds/pytorch/torch
-- 
--   TORCH_VERSION         : 1.4.0
--   CAFFE2_VERSION        : 1.4.0
--   BUILD_CAFFE2_MOBILE   : ON
--   USE_STATIC_DISPATCH   : OFF
--   BUILD_BINARY          : OFF
--   BUILD_CUSTOM_PROTOBUF : ON
--     Link local protobuf : ON
--   BUILD_DOCS            : OFF
--   BUILD_PYTHON          : True
--     Python version      : 3.7.6
--     Python executable   : /GPUFS/nsccgz_xliao_lds/local/python3.7/bin/python3
--     Pythonlibs version  : 3.7.6
--     Python library      : /GPUFS/nsccgz_xliao_lds/local/python3.7/lib/libpython3.7m.so.1.0
--     Python includes     : /GPUFS/nsccgz_xliao_lds/local/python3.7/include/python3.7m
--     Python site-packages: lib/python3.7/site-packages
--   BUILD_CAFFE2_OPS      : ON
--   BUILD_SHARED_LIBS     : ON
--   BUILD_TEST            : True
--   BUILD_JNI             : OFF
--   INTERN_BUILD_MOBILE   : 
--   USE_ASAN              : OFF
--   USE_CUDA              : 0
--   USE_ROCM              : OFF
--   USE_EIGEN_FOR_BLAS    : 
--   USE_FBGEMM            : OFF
--   USE_FFMPEG            : OFF
--   USE_GFLAGS            : OFF
--   USE_GLOG              : OFF
--   USE_LEVELDB           : OFF
--   USE_LITE_PROTO        : OFF
--   USE_LMDB              : OFF
--   USE_METAL             : OFF
--   USE_MKL               : 
--   USE_MKLDNN            : OFF
--   USE_NCCL              : OFF
--   USE_NNPACK            : ON
--   USE_NUMPY             : ON
--   USE_OBSERVERS         : ON
--   USE_OPENCL            : OFF
--   USE_OPENCV            : OFF
--   USE_OPENMP            : 1
--   USE_TBB               : OFF
--   USE_PROF              : OFF
--   USE_QNNPACK           : ON
--   USE_REDIS             : OFF
--   USE_ROCKSDB           : OFF
--   USE_ZMQ               : OFF
--   USE_DISTRIBUTED       : ON
--     USE_MPI             : ON
--     USE_GLOO            : ON
--   BUILD_NAMEDTENSOR   : OFF
--   Public Dependencies  : Threads::Threads;/opt/openblas/lib/libopenblas.so
--   Private Dependencies : qnnpack;pytorch_qnnpack;nnpack;cpuinfo;/usr/lib64/libnuma.so;fp16;/GPUFS/app_taishan/MPI/openmpi/4.0.0-gcc71/lib/libmpi.so;gloo;aten_op_header_gen;foxi_loader;rt;gcc_s;gcc;dl
-- Configuring done
-- Generating done
-- Build files have been written to: /GPUFS/nsccgz_xliao_lds/pytorch/build